[2017-01-08 19:25:26] local.ERROR: ErrorException: file_put_contents(/code/git/canal-du-midi/storage/framework/views/38fbc68493df0bb12d776183bee167d03ddffe2d.php): failed to open stream: Permission denied in /code/git/canal-du-midi/vendor/laravel/framework/src/Illuminate/Filesystem/Filesystem.php:111
Stack trace:
#0 [internal function]: Illuminate\Foundation\Bootstrap\HandleExceptions->handleError(2, 'file_put_conten...', '/code/git/canal...', 111, Array)
#1 /code/git/canal-du-midi/vendor/laravel/framework/src/Illuminate/Filesystem/Filesystem.php(111): file_put_contents('/code/git/canal...', '<?php $__env->s...', 0)
#2 /code/git/canal-du-midi/vendor/laravel/framework/src/Illuminate/View/Compilers/BladeCompiler.php(116): Illuminate\Filesystem\Filesystem->put('/code/git/canal...', '<?php $__env->s...')
#3 /code/git/canal-du-midi/vendor/laravel/framework/src/Illuminate/View/Engines/CompilerEngine.php(51): Illuminate\View\Compilers\BladeCompiler->compile('/code/git/canal...')
#4 /code/git/canal-du-midi/vendor/laravel/framework/src/Illuminate/View/View.php(149): Illuminate\View\Engines\CompilerEngine->get('/code/git/canal...', Array)
#5 /code/git/canal-du-midi/vendor/laravel/framework/src/Illuminate/View/View.php(120): Illuminate\View\View->getContents()
#6 /code/git/canal-du-midi/vendor/laravel/framework/src/Illuminate/View/View.php(85): Illuminate\View\View->renderContents()
#7 /code/git/canal-du-midi/vendor/laravel/framework/src/Illuminate/Http/Response.php(45): Illuminate\View\View->render()
#8 /code/git/canal-du-midi/vendor/symfony/http-foundation/Response.php(201): Illuminate\Http\Response->setContent(Object(Illuminate\View\View))
#9 /code/git/canal-du-midi/vendor/laravel/framework/src/Illuminate/Routing/Router.php(1028): Symfony\Component\HttpFoundation\Response->__construct(Object(Illuminate\View\View))
#10 /code/git/canal-du-midi/vendor/laravel/framework/src/Illuminate/Routing/Router.php(653): Illuminate\Routing\Router->prepareResponse(Object(Illuminate\Http\Request), Object(Illuminate\View\View))
#11 /code/git/canal-du-midi/vendor/laravel/framework/src/Illuminate/Routing/Pipeline.php(53): Illuminate\Routing\Router->Illuminate\Routing\{closure}(Object(Illuminate\Http\Request))
#12 /code/git/canal-du-midi/vendor/laravel/framework/src/Illuminate/Routing/Middleware/SubstituteBindings.php(41): Illuminate\Routing\Pipeline->Illuminate\Routing\{closure}(Object(Illuminate\Http\Request))
#13 /code/git/canal-du-midi/vendor/laravel/framework/src/Illuminate/Pipeline/Pipeline.php(137): Illuminate\Routing\Middleware\SubstituteBindings->handle(Object(Illuminate\Http\Request), Object(Closure))
#14 /code/git/canal-du-midi/vendor/laravel/framework/src/Illuminate/Routing/Pipeline.php(33): Illuminate\Pipeline\Pipeline->Illuminate\Pipeline\{closure}(Object(Illuminate\Http\Request))
#15 /code/git/canal-du-midi/vendor/laravel/framework/src/Illuminate/Foundation/Http/Middleware/VerifyCsrfToken.php(65): Illuminate\Routing\Pipeline->Illuminate\Routing\{closure}(Object(Illuminate\Http\Request))
#16 /code/git/canal-du-midi/vendor/laravel/framework/src/Illuminate/Pipeline/Pipeline.php(137): Illuminate\Foundation\Http\Middleware\VerifyCsrfToken->handle(Object(Illuminate\Http\Request), Object(Closure))
#17 /code/git/canal-du-midi/vendor/laravel/framework/src/Illuminate/Routing/Pipeline.php(33): Illuminate\Pipeline\Pipeline->Illuminate\Pipeline\{closure}(Object(Illuminate\Http\Request))
#18 /code/git/canal-du-midi/vendor/laravel/framework/src/Illuminate/View/Middleware/ShareErrorsFromSession.php(49): Illuminate\Routing\Pipeline->Illuminate\Routing\{closure}(Object(Illuminate\Http\Request))
#19 /code/git/canal-du-midi/vendor/laravel/framework/src/Illuminate/Pipeline/Pipeline.php(137): Illuminate\View\Middleware\ShareErrorsFromSession->handle(Object(Illuminate\Http\Request), Object(Closure))
#20 /code/git/canal-du-midi/vendor/laravel/framework/src/Illuminate/Routing/Pipeline.php(33): Illuminate\Pipeline\Pipeline->Illuminate\Pipeline\{closure}(Object(Illuminate\Http\Request))
#21 /code/git/canal-du-midi/vendor/laravel/framework/src/Illuminate/Session/Middleware/StartSession.php(64): Illuminate\Routing\Pipeline->Illuminate\Routing\{closure}(Object(Illuminate\Http\Request))
#22 /code/git/canal-du-midi/vendor/laravel/framework/src/Illuminate/Pipeline/Pipeline.php(137): Illuminate\Session\Middleware\StartSession->handle(Object(Illuminate\Http\Request), Object(Closure))
#23 /code/git/canal-du-midi/vendor/laravel/framework/src/Illuminate/Routing/Pipeline.php(33): Illuminate\Pipeline\Pipeline->Illuminate\Pipeline\{closure}(Object(Illuminate\Http\Request))
#24 /code/git/canal-du-midi/vendor/laravel/framework/src/Illuminate/Cookie/Middleware/AddQueuedCookiesToResponse.php(37): Illuminate\Routing\Pipeline->Illuminate\Routing\{closure}(Object(Illuminate\Http\Request))
#25 /code/git/canal-du-midi/vendor/laravel/framework/src/Illuminate/Pipeline/Pipeline.php(137): Illuminate\Cookie\Middleware\AddQueuedCookiesToResponse->handle(Object(Illuminate\Http\Request), Object(Closure))
#26 /code/git/canal-du-midi/vendor/laravel/framework/src/Illuminate/Routing/Pipeline.php(33): Illuminate\Pipeline\Pipeline->Illuminate\Pipeline\{closure}(Object(Illuminate\Http\Request))
#27 /code/git/canal-du-midi/vendor/laravel/framework/src/Illuminate/Cookie/Middleware/EncryptCookies.php(59): Illuminate\Routing\Pipeline->Illuminate\Routing\{closure}(Object(Illuminate\Http\Request))
#28 /code/git/canal-du-midi/vendor/laravel/framework/src/Illuminate/Pipeline/Pipeline.php(137): Illuminate\Cookie\Middleware\EncryptCookies->handle(Object(Illuminate\Http\Request), Object(Closure))
#29 /code/git/canal-du-midi/vendor/laravel/framework/src/Illuminate/Routing/Pipeline.php(33): Illuminate\Pipeline\Pipeline->Illuminate\Pipeline\{closure}(Object(Illuminate\Http\Request))
#30 /code/git/canal-du-midi/vendor/laravel/framework/src/Illuminate/Pipeline/Pipeline.php(104): Illuminate\Routing\Pipeline->Illuminate\Routing\{closure}(Object(Illuminate\Http\Request))
#31 /code/git/canal-du-midi/vendor/laravel/framework/src/Illuminate/Routing/Router.php(655): Illuminate\Pipeline\Pipeline->then(Object(Closure))
#32 /code/git/canal-du-midi/vendor/laravel/framework/src/Illuminate/Routing/Router.php(629): Illuminate\Routing\Router->runRouteWithinStack(Object(Illuminate\Routing\Route), Object(Illuminate\Http\Request))
#33 /code/git/canal-du-midi/vendor/laravel/framework/src/Illuminate/Routing/Router.php(607): Illuminate\Routing\Router->dispatchToRoute(Object(Illuminate\Http\Request))
#34 /code/git/canal-du-midi/vendor/laravel/framework/src/Illuminate/Foundation/Http/Kernel.php(268): Illuminate\Routing\Router->dispatch(Object(Illuminate\Http\Request))
#35 /code/git/canal-du-midi/vendor/laravel/framework/src/Illuminate/Routing/Pipeline.php(53): Illuminate\Foundation\Http\Kernel->Illuminate\Foundation\Http\{closure}(Object(Illuminate\Http\Request))
#36 /code/git/canal-du-midi/vendor/laravel/framework/src/Illuminate/Foundation/Http/Middleware/CheckForMaintenanceMode.php(46): Illuminate\Routing\Pipeline->Illuminate\Routing\{closure}(Object(Illuminate\Http\Request))
#37 /code/git/canal-du-midi/vendor/laravel/framework/src/Illuminate/Pipeline/Pipeline.php(137): Illuminate\Foundation\Http\Middleware\CheckForMaintenanceMode->handle(Object(Illuminate\Http\Request), Object(Closure))
#38 /code/git/canal-du-midi/vendor/laravel/framework/src/Illuminate/Routing/Pipeline.php(33): Illuminate\Pipeline\Pipeline->Illuminate\Pipeline\{closure}(Object(Illuminate\Http\Request))
#39 /code/git/canal-du-midi/vendor/laravel/framework/src/Illuminate/Pipeline/Pipeline.php(104): Illuminate\Routing\Pipeline->Illuminate\Routing\{closure}(Object(Illuminate\Http\Request))
#40 /code/git/canal-du-midi/vendor/laravel/framework/src/Illuminate/Foundation/Http/Kernel.php(150): Illuminate\Pipeline\Pipeline->then(Object(Closure))
#41 /code/git/canal-du-midi/vendor/laravel/framework/src/Illuminate/Foundation/Http/Kernel.php(117): Illuminate\Foundation\Http\Kernel->sendRequestThroughRouter(Object(Illuminate\Http\Request))
#42 /code/git/canal-du-midi/public/index.php(53): Illuminate\Foundation\Http\Kernel->handle(Object(Illuminate\Http\Request))
#43 {main}  
[2017-01-09 14:02:57] local.ERROR: ErrorException: file_put_contents(/code/git/canal-du-midi/storage/framework/sessions/ignlhh3fYESauhCkqayiDS4ga2vF8oiJPRhs859I): failed to open stream: Permission denied in /code/git/canal-du-midi/vendor/laravel/framework/src/Illuminate/Filesystem/Filesystem.php:111
Stack trace:
#0 [internal function]: Illuminate\Foundation\Bootstrap\HandleExceptions->handleError(2, 'file_put_conten...', '/code/git/canal...', 111, Array)
#1 /code/git/canal-du-midi/vendor/laravel/framework/src/Illuminate/Filesystem/Filesystem.php(111): file_put_contents('/code/git/canal...', 'a:4:{s:6:"_toke...', 2)
#2 /code/git/canal-du-midi/vendor/laravel/framework/src/Illuminate/Session/FileSessionHandler.php(83): Illuminate\Filesystem\Filesystem->put('/code/git/canal...', 'a:4:{s:6:"_toke...', true)
#3 /code/git/canal-du-midi/vendor/laravel/framework/src/Illuminate/Session/Store.php(263): Illuminate\Session\FileSessionHandler->write('ignlhh3fYESauhC...', 'a:4:{s:6:"_toke...')
#4 /code/git/canal-du-midi/vendor/laravel/framework/src/Illuminate/Session/Middleware/StartSession.php(88): Illuminate\Session\Store->save()
#5 /code/git/canal-du-midi/vendor/laravel/framework/src/Illuminate/Foundation/Http/Kernel.php(177): Illuminate\Session\Middleware\StartSession->terminate(Object(Illuminate\Http\Request), Object(Illuminate\Http\Response))
#6 /code/git/canal-du-midi/public/index.php(58): Illuminate\Foundation\Http\Kernel->terminate(Object(Illuminate\Http\Request), Object(Illuminate\Http\Response))
#7 {main}  
[2017-01-09 15:39:03] local.ERROR: ErrorException: file_put_contents(/code/git/canal-du-midi/storage/framework/sessions/dVGxGHfFW0Fghpnn320jXIa6915PSWgGjmrCzv1t): failed to open stream: Permission denied in /code/git/canal-du-midi/vendor/laravel/framework/src/Illuminate/Filesystem/Filesystem.php:111
Stack trace:
#0 [internal function]: Illuminate\Foundation\Bootstrap\HandleExceptions->handleError(2, 'file_put_conten...', '/code/git/canal...', 111, Array)
#1 /code/git/canal-du-midi/vendor/laravel/framework/src/Illuminate/Filesystem/Filesystem.php(111): file_put_contents('/code/git/canal...', 'a:4:{s:6:"_toke...', 2)
#2 /code/git/canal-du-midi/vendor/laravel/framework/src/Illuminate/Session/FileSessionHandler.php(83): Illuminate\Filesystem\Filesystem->put('/code/git/canal...', 'a:4:{s:6:"_toke...', true)
#3 /code/git/canal-du-midi/vendor/laravel/framework/src/Illuminate/Session/Store.php(263): Illuminate\Session\FileSessionHandler->write('dVGxGHfFW0Fghpn...', 'a:4:{s:6:"_toke...')
#4 /code/git/canal-du-midi/vendor/laravel/framework/src/Illuminate/Session/Middleware/StartSession.php(88): Illuminate\Session\Store->save()
#5 /code/git/canal-du-midi/vendor/laravel/framework/src/Illuminate/Foundation/Http/Kernel.php(177): Illuminate\Session\Middleware\StartSession->terminate(Object(Illuminate\Http\Request), Object(Illuminate\Http\Response))
#6 /code/git/canal-du-midi/public/index.php(58): Illuminate\Foundation\Http\Kernel->terminate(Object(Illuminate\Http\Request), Object(Illuminate\Http\Response))
#7 {main}  
[2017-01-10 08:22:56] local.ERROR: ErrorException: file_put_contents(/code/git/canal-du-midi/storage/framework/sessions/HHGDBtxTKmNy34MX5PnTqjziRoRZ9KF78M1gurdd): failed to open stream: Permission denied in /code/git/canal-du-midi/vendor/laravel/framework/src/Illuminate/Filesystem/Filesystem.php:111
Stack trace:
#0 [internal function]: Illuminate\Foundation\Bootstrap\HandleExceptions->handleError(2, 'file_put_conten...', '/code/git/canal...', 111, Array)
#1 /code/git/canal-du-midi/vendor/laravel/framework/src/Illuminate/Filesystem/Filesystem.php(111): file_put_contents('/code/git/canal...', 'a:4:{s:6:"_toke...', 2)
#2 /code/git/canal-du-midi/vendor/laravel/framework/src/Illuminate/Session/FileSessionHandler.php(83): Illuminate\Filesystem\Filesystem->put('/code/git/canal...', 'a:4:{s:6:"_toke...', true)
#3 /code/git/canal-du-midi/vendor/laravel/framework/src/Illuminate/Session/Store.php(263): Illuminate\Session\FileSessionHandler->write('HHGDBtxTKmNy34M...', 'a:4:{s:6:"_toke...')
#4 /code/git/canal-du-midi/vendor/laravel/framework/src/Illuminate/Session/Middleware/StartSession.php(88): Illuminate\Session\Store->save()
#5 /code/git/canal-du-midi/vendor/laravel/framework/src/Illuminate/Foundation/Http/Kernel.php(177): Illuminate\Session\Middleware\StartSession->terminate(Object(Illuminate\Http\Request), Object(Illuminate\Http\Response))
#6 /code/git/canal-du-midi/public/index.php(58): Illuminate\Foundation\Http\Kernel->terminate(Object(Illuminate\Http\Request), Object(Illuminate\Http\Response))
#7 {main}  
[2017-01-10 10:16:43] local.ERROR: ErrorException: file_put_contents(/code/git/canal-du-midi/storage/framework/sessions/NdNed3TCMrOWoLzXZblHrc8q0HYskkPvoTD940JQ): failed to open stream: Permission denied in /code/git/canal-du-midi/vendor/laravel/framework/src/Illuminate/Filesystem/Filesystem.php:111
Stack trace:
#0 [internal function]: Illuminate\Foundation\Bootstrap\HandleExceptions->handleError(2, 'file_put_conten...', '/code/git/canal...', 111, Array)
#1 /code/git/canal-du-midi/vendor/laravel/framework/src/Illuminate/Filesystem/Filesystem.php(111): file_put_contents('/code/git/canal...', 'a:4:{s:6:"_toke...', 2)
#2 /code/git/canal-du-midi/vendor/laravel/framework/src/Illuminate/Session/FileSessionHandler.php(83): Illuminate\Filesystem\Filesystem->put('/code/git/canal...', 'a:4:{s:6:"_toke...', true)
#3 /code/git/canal-du-midi/vendor/laravel/framework/src/Illuminate/Session/Store.php(263): Illuminate\Session\FileSessionHandler->write('NdNed3TCMrOWoLz...', 'a:4:{s:6:"_toke...')
#4 /code/git/canal-du-midi/vendor/laravel/framework/src/Illuminate/Session/Middleware/StartSession.php(88): Illuminate\Session\Store->save()
#5 /code/git/canal-du-midi/vendor/laravel/framework/src/Illuminate/Foundation/Http/Kernel.php(177): Illuminate\Session\Middleware\StartSession->terminate(Object(Illuminate\Http\Request), Object(Illuminate\Http\Response))
#6 /code/git/canal-du-midi/public/index.php(58): Illuminate\Foundation\Http\Kernel->terminate(Object(Illuminate\Http\Request), Object(Illuminate\Http\Response))
#7 {main}  
[2017-02-02 15:46:39] local.ERROR: ErrorException: file_put_contents(/code/git/canal-du-midi/storage/framework/sessions/QZe9DvcqjicOrmlnJQ0IhLHo3Iq3tiTD0JdjjDFj): failed to open stream: Permission denied in /code/git/canal-du-midi/vendor/laravel/framework/src/Illuminate/Filesystem/Filesystem.php:111
Stack trace:
#0 [internal function]: Illuminate\Foundation\Bootstrap\HandleExceptions->handleError(2, 'file_put_conten...', '/code/git/canal...', 111, Array)
#1 /code/git/canal-du-midi/vendor/laravel/framework/src/Illuminate/Filesystem/Filesystem.php(111): file_put_contents('/code/git/canal...', 'a:4:{s:6:"_toke...', 2)
#2 /code/git/canal-du-midi/vendor/laravel/framework/src/Illuminate/Session/FileSessionHandler.php(83): Illuminate\Filesystem\Filesystem->put('/code/git/canal...', 'a:4:{s:6:"_toke...', true)
#3 /code/git/canal-du-midi/vendor/laravel/framework/src/Illuminate/Session/Store.php(263): Illuminate\Session\FileSessionHandler->write('QZe9DvcqjicOrml...', 'a:4:{s:6:"_toke...')
#4 /code/git/canal-du-midi/vendor/laravel/framework/src/Illuminate/Session/Middleware/StartSession.php(88): Illuminate\Session\Store->save()
#5 /code/git/canal-du-midi/vendor/laravel/framework/src/Illuminate/Foundation/Http/Kernel.php(177): Illuminate\Session\Middleware\StartSession->terminate(Object(Illuminate\Http\Request), Object(Illuminate\Http\Response))
#6 /code/git/canal-du-midi/public/index.php(58): Illuminate\Foundation\Http\Kernel->terminate(Object(Illuminate\Http\Request), Object(Illuminate\Http\Response))
#7 {main}  
[2017-02-02 15:47:02] local.ERROR: ErrorException: file_put_contents(/code/git/canal-du-midi/storage/framework/sessions/QZe9DvcqjicOrmlnJQ0IhLHo3Iq3tiTD0JdjjDFj): failed to open stream: Permission denied in /code/git/canal-du-midi/vendor/laravel/framework/src/Illuminate/Filesystem/Filesystem.php:111
Stack trace:
#0 [internal function]: Illuminate\Foundation\Bootstrap\HandleExceptions->handleError(2, 'file_put_conten...', '/code/git/canal...', 111, Array)
#1 /code/git/canal-du-midi/vendor/laravel/framework/src/Illuminate/Filesystem/Filesystem.php(111): file_put_contents('/code/git/canal...', 'a:4:{s:6:"_toke...', 2)
#2 /code/git/canal-du-midi/vendor/laravel/framework/src/Illuminate/Session/FileSessionHandler.php(83): Illuminate\Filesystem\Filesystem->put('/code/git/canal...', 'a:4:{s:6:"_toke...', true)
#3 /code/git/canal-du-midi/vendor/laravel/framework/src/Illuminate/Session/Store.php(263): Illuminate\Session\FileSessionHandler->write('QZe9DvcqjicOrml...', 'a:4:{s:6:"_toke...')
#4 /code/git/canal-du-midi/vendor/laravel/framework/src/Illuminate/Session/Middleware/StartSession.php(88): Illuminate\Session\Store->save()
#5 /code/git/canal-du-midi/vendor/laravel/framework/src/Illuminate/Foundation/Http/Kernel.php(177): Illuminate\Session\Middleware\StartSession->terminate(Object(Illuminate\Http\Request), Object(Illuminate\Http\Response))
#6 /code/git/canal-du-midi/public/index.php(58): Illuminate\Foundation\Http\Kernel->terminate(Object(Illuminate\Http\Request), Object(Illuminate\Http\Response))
#7 {main}  
[2017-02-03 17:02:48] local.ERROR: ErrorException: file_put_contents(/code/git/canal-du-midi/storage/framework/sessions/bLzTITrRtXj9LUEXVhv1ZirnjBiLCHQnyBe9tfPS): failed to open stream: Permission denied in /code/git/canal-du-midi/vendor/laravel/framework/src/Illuminate/Filesystem/Filesystem.php:111
Stack trace:
#0 [internal function]: Illuminate\Foundation\Bootstrap\HandleExceptions->handleError(2, 'file_put_conten...', '/code/git/canal...', 111, Array)
#1 /code/git/canal-du-midi/vendor/laravel/framework/src/Illuminate/Filesystem/Filesystem.php(111): file_put_contents('/code/git/canal...', 'a:4:{s:6:"_toke...', 2)
#2 /code/git/canal-du-midi/vendor/laravel/framework/src/Illuminate/Session/FileSessionHandler.php(83): Illuminate\Filesystem\Filesystem->put('/code/git/canal...', 'a:4:{s:6:"_toke...', true)
#3 /code/git/canal-du-midi/vendor/laravel/framework/src/Illuminate/Session/Store.php(263): Illuminate\Session\FileSessionHandler->write('bLzTITrRtXj9LUE...', 'a:4:{s:6:"_toke...')
#4 /code/git/canal-du-midi/vendor/laravel/framework/src/Illuminate/Session/Middleware/StartSession.php(88): Illuminate\Session\Store->save()
#5 /code/git/canal-du-midi/vendor/laravel/framework/src/Illuminate/Foundation/Http/Kernel.php(177): Illuminate\Session\Middleware\StartSession->terminate(Object(Illuminate\Http\Request), Object(Illuminate\Http\Response))
#6 /code/git/canal-du-midi/public/index.php(58): Illuminate\Foundation\Http\Kernel->terminate(Object(Illuminate\Http\Request), Object(Illuminate\Http\Response))
#7 {main}  
